<?xml version="1.0" encoding="UTF-8"?>
<!-- Generated by org.testng.reporters.JUnitReportReporter -->
<testsuite hostname="Mahadys-MBP.lan" failures="0" tests="1" name="testRunner.NopTestRunner" time="27.110" errors="0" timestamp="2024-07-18T16:43:27 EDT" skipped="0">
  <testcase classname="testRunner.NopTestRunner" name="runScenario" time="27.110"/>
  <system-out/>
</testsuite> <!-- testRunner.NopTestRunner -->
