<?xml version="1.0" encoding="UTF-8"?>
<!-- Generated by org.testng.reporters.JUnitReportReporter -->
<testsuite hostname="Mahadys-MBP.lan" failures="0" tests="1" name="testRunner.NopTestRunner" time="4.983" errors="0" timestamp="2024-07-12T02:17:05 EDT" skipped="0">
  <testcase classname="testRunner.NopTestRunner" name="runScenario" time="4.983"/>
  <system-out/>
</testsuite> <!-- testRunner.NopTestRunner -->
